\BOOKMARK [1][]{section.1}{\376\377\0001\000\040\000O\000g\000\363\000l\000n\000e\000\040\000o\000k\000r\000e\001\133\000l\000e\000n\000i\000e\000\040\000w\000y\000m\000a\000g\000a\001\104}{}% 1
\BOOKMARK [2][-]{subsection.1.1}{\376\377\0001\000.\0001\000\040\000G\000r\000a\000\040\000l\000o\000g\000i\000c\000z\000n\000a}{section.1}% 2
\BOOKMARK [3][-]{subsubsection.1.1.1}{\376\377\0001\000.\0001\000.\0001\000\040\000T\000r\000y\000b\000\040\000G\000r\000a\000f\000i\000c\000z\000n\000y}{subsection.1.1}% 3
\BOOKMARK [3][-]{subsubsection.1.1.2}{\376\377\0001\000.\0001\000.\0002\000\040\000T\000r\000y\000b\000\040\000T\000e\000k\000s\000t\000o\000w\000y}{subsection.1.1}% 4
\BOOKMARK [1][]{section.2}{\376\377\0002\000\040\000O\000k\000r\000e\001\133\000l\000e\000n\000i\000e\000\040\000w\000y\000m\000a\000g\000a\001\104\000\040\000s\000z\000c\000z\000e\000g\000\363\001\102\000o\000w\000y\000c\000h}{}% 5
\BOOKMARK [2][-]{subsection.2.1}{\376\377\0002\000.\0001\000\040\000Z\000a\001\102\000o\001\174\000e\000n\000i\000a\000\040\000g\001\102\000\363\000w\000n\000e}{section.2}% 6
\BOOKMARK [3][-]{subsubsection.2.1.1}{\376\377\0002\000.\0001\000.\0001\000\040\000U\000t\000r\000z\000y\000m\000a\000n\000i\000e\000\040\000m\000o\000d\000u\001\102\000o\000w\000o\001\133\000c\000i\000\040\000p\000r\000o\000j\000e\000k\000t\000u}{subsection.2.1}% 7
\BOOKMARK [3][-]{subsubsection.2.1.2}{\376\377\0002\000.\0001\000.\0002\000\040\000L\000a\000t\000w\000o\001\133\001\007\000\040\000i\000m\000p\000l\000e\000m\000e\000n\000t\000a\000c\000j\000i}{subsection.2.1}% 8
\BOOKMARK [3][-]{subsubsection.2.1.3}{\376\377\0002\000.\0001\000.\0003\000\040\000P\000r\000o\000s\000t\000o\000t\000a\000\040\000w\000\040\000t\000e\000s\000t\000o\000w\000a\000n\000i\000u\000\040\000i\000\040\000e\000w\000e\000n\000t\000u\000a\000l\000n\000y\000m\000\040\000d\000e\000b\000u\000g\000g\000i\000n\000g\000u}{subsection.2.1}% 9
\BOOKMARK [3][-]{subsubsection.2.1.4}{\376\377\0002\000.\0001\000.\0004\000\040\000P\000o\000d\000z\000i\000e\000l\000e\000n\000i\000e\000\040\000a\000p\000l\000i\000k\000a\000c\000j\000i\000\040\000n\000a\000\040\0002\000\040\000t\000r\000y\000b\000y}{subsection.2.1}% 10
\BOOKMARK [3][-]{subsubsection.2.1.5}{\376\377\0002\000.\0001\000.\0005\000\040\000U\001\174\000y\000c\000i\000e\000\040\000l\000a\000t\000a\000r\000k\000i}{subsection.2.1}% 11
\BOOKMARK [2][-]{subsection.2.2}{\376\377\0002\000.\0002\000\040\000S\000t\000r\000u\000k\000t\000u\000r\000a\000\040\000a\000p\000l\000i\000k\000a\000c\000j\000i}{section.2}% 12
\BOOKMARK [3][-]{subsubsection.2.2.1}{\376\377\0002\000.\0002\000.\0001\000\040\000M\000e\000n\000u\000\040\000g\001\102\000\363\000w\000n\000e}{subsection.2.2}% 13
\BOOKMARK [3][-]{subsubsection.2.2.2}{\376\377\0002\000.\0002\000.\0002\000\040\000M\000e\000n\000u\000\040\000u\000s\000t\000a\000w\000i\000e\001\104}{subsection.2.2}% 14
\BOOKMARK [3][-]{subsubsection.2.2.3}{\376\377\0002\000.\0002\000.\0003\000\040\000D\000w\000a\000\040\000t\000r\000y\000b\000y\000\040\000g\000r\000y}{subsection.2.2}% 15
\BOOKMARK [1][]{section.3}{\376\377\0003\000\040\000P\000r\000o\000j\000e\000k\000t\000o\000w\000a\000n\000i\000e}{}% 16
\BOOKMARK [2][-]{subsection.3.1}{\376\377\0003\000.\0001\000\040\000W\000y\000k\000o\000r\000z\000y\000s\000t\000a\000n\000e\000\040\000n\000a\000r\000z\001\031\000d\000z\000i\000a}{section.3}% 17
\BOOKMARK [3][-]{subsubsection.3.1.1}{\376\377\0003\000.\0001\000.\0001\000\040\000X\000a\000m\000a\000r\000i\000n}{subsection.3.1}% 18
\BOOKMARK [3][-]{subsubsection.3.1.2}{\376\377\0003\000.\0001\000.\0002\000\040\000X\000a\000m\000a\000r\000i\000n\000\040\000C\000o\000m\000m\000u\000n\000i\000t\000y\000\040\000T\000o\000o\000l\000k\000i\000t}{subsection.3.1}% 19
\BOOKMARK [3][-]{subsubsection.3.1.3}{\376\377\0003\000.\0001\000.\0003\000\040\000M\000i\000c\000r\000o\000s\000o\000f\000t\000\040\000V\000i\000s\000u\000a\000l\000\040\000S\000t\000u\000d\000i\000o}{subsection.3.1}% 20
\BOOKMARK [3][-]{subsubsection.3.1.4}{\376\377\0003\000.\0001\000.\0004\000\040\000G\000i\000t\000,\000\040\000G\000i\000t\000H\000u\000b}{subsection.3.1}% 21
\BOOKMARK [3][-]{subsubsection.3.1.5}{\376\377\0003\000.\0001\000.\0005\000\040\000J\001\031\000z\000y\000k\000\040\000C\000\043}{subsection.3.1}% 22
\BOOKMARK [3][-]{subsubsection.3.1.6}{\376\377\0003\000.\0001\000.\0006\000\040\000B\000a\000z\000a\000\040\000d\000a\000n\000y\000c\000h\000\040\000S\000Q\000L\000i\000t\000e}{subsection.3.1}% 23
\BOOKMARK [2][-]{subsection.3.2}{\376\377\0003\000.\0002\000\040\000D\000z\000i\000a\001\102\000a\000n\000i\000e\000\040\000a\000p\000l\000i\000k\000a\000c\000j\000i}{section.3}% 24
\BOOKMARK [3][-]{subsubsection.3.2.1}{\376\377\0003\000.\0002\000.\0001\000\040\000M\000e\000n\000u\000\040\000g\001\102\000\363\000w\000n\000e}{subsection.3.2}% 25
\BOOKMARK [3][-]{subsubsection.3.2.2}{\376\377\0003\000.\0002\000.\0002\000\040\000U\000s\000t\000a\000w\000i\000e\000n\000i\000a}{subsection.3.2}% 26
\BOOKMARK [3][-]{subsubsection.3.2.3}{\376\377\0003\000.\0002\000.\0003\000\040\000T\000r\000y\000b\000\040\000g\000r\000a\000f\000i\000c\000z\000n\000y}{subsection.3.2}% 27
\BOOKMARK [1][]{section.4}{\376\377\0004\000\040\000I\000m\000p\000l\000e\000m\000e\000n\000t\000a\000c\000j\000a}{}% 28
\BOOKMARK [2][-]{subsection.4.1}{\376\377\0004\000.\0001\000\040\000P\000r\000z\000y\000c\000i\000s\000k}{section.4}% 29
\BOOKMARK [3][-]{subsubsection.4.1.1}{\376\377\0004\000.\0001\000.\0001\000\040\000U\001\174\000y\000t\000e\000\040\000a\000t\000r\000y\000b\000u\000t\000y\000\040\000p\000r\000z\000y\000c\000i\000s\000k\000u\000\040\000\050\000l\000i\000s\000t\000i\000n\000g\000\040\0001\000\051}{subsection.4.1}% 30
\BOOKMARK [3][-]{subsubsection.4.1.2}{\376\377\0004\000.\0001\000.\0002\000\040\000I\000n\000n\000e\000\040\000u\001\174\000y\000t\000e\000c\000z\000n\000e\000\040\000a\000t\000r\000y\000b\000u\000t\000y}{subsection.4.1}% 31
\BOOKMARK [3][-]{subsubsection.4.1.3}{\376\377\0004\000.\0001\000.\0003\000\040\000P\000r\000z\000y\000c\000i\000s\000k\000i\000\040\000w\000\040\000f\000o\000r\000m\000i\000e\000\040\000z\000d\000j\001\031\000c\000i\000a}{subsection.4.1}% 32
\BOOKMARK [3][-]{subsubsection.4.1.4}{\376\377\0004\000.\0001\000.\0004\000\040\000U\001\174\000y\000t\000e\000\040\000a\000t\000r\000y\000b\000u\000t\000y}{subsection.4.1}% 33
\BOOKMARK [2][-]{subsection.4.2}{\376\377\0004\000.\0002\000\040\000M\000a\000i\000n\000P\000a\000g\000e}{section.4}% 34
\BOOKMARK [2][-]{subsection.4.3}{\376\377\0004\000.\0003\000\040\000O\000n\000A\000p\000p\000e\000a\000r\000i\000n\000g}{section.4}% 35
\BOOKMARK [2][-]{subsection.4.4}{\376\377\0004\000.\0004\000\040\000A\000n\000i\000m\000a\000t\000e\000\137\000p\000u\000l\000s\000e}{section.4}% 36
\BOOKMARK [2][-]{subsection.4.5}{\376\377\0004\000.\0005\000\040\000F\000i\000r\000s\000t\000T\000a\000s\000k}{section.4}% 37
\BOOKMARK [2][-]{subsection.4.6}{\376\377\0004\000.\0006\000\040\000W\000c\000i\001\133\000n\000i\001\031\000c\000i\000e\000\040\000z\001\102\000e\000g\000o\000\040\000p\000r\000z\000y\000c\000i\000s\000k\000u}{section.4}% 38
\BOOKMARK [2][-]{subsection.4.7}{\376\377\0004\000.\0007\000\040\000H\000U\000D}{section.4}% 39
\BOOKMARK [2][-]{subsection.4.8}{\376\377\0004\000.\0008\000\040\000L\000i\000t\000e\000r\000a\000k\000i}{section.4}% 40
\BOOKMARK [2][-]{subsection.4.9}{\376\377\0004\000.\0009\000\040\000S\000e\000t\000T\000i\000m\000e}{section.4}% 41
\BOOKMARK [2][-]{subsection.4.10}{\376\377\0004\000.\0001\0000\000\040\000S\000e\000t\000C\000o\000l\000u\000m\000n\000s}{section.4}% 42
\BOOKMARK [2][-]{subsection.4.11}{\376\377\0004\000.\0001\0001\000\040\000R\000a\000n\000d\000o\000m\000i\000z\000e\000W\000o\000r\000d\000T\000a\000b\000l\000e}{section.4}% 43
\BOOKMARK [2][-]{subsection.4.12}{\376\377\0004\000.\0001\0002\000\040\000R\000a\000n\000d\000o\000m\000i\000z\000e\000T\000e\000x\000t}{section.4}% 44
\BOOKMARK [2][-]{subsection.4.13}{\376\377\0004\000.\0001\0003\000\040\000M\000o\000v\000e\000U\000p}{section.4}% 45
\BOOKMARK [2][-]{subsection.4.14}{\376\377\0004\000.\0001\0004\000\040\000C\000h\000a\000n\000g\000e\000B\000l\000o\000c\000k\000T\000e\000x\000t}{section.4}% 46
\BOOKMARK [2][-]{subsection.4.15}{\376\377\0004\000.\0001\0005\000\040\000C\000h\000e\000c\000k\000I\000f\000W\000i\000n}{section.4}% 47
\BOOKMARK [2][-]{subsection.4.16}{\376\377\0004\000.\0001\0006\000\040\000M\000o\000v\000e\000D\000o\000w\000n}{section.4}% 48
\BOOKMARK [1][]{section.5}{\376\377\0005\000\040\000T\000e\000s\000t\000o\000w\000a\000n\000i\000e}{}% 49
\BOOKMARK [1][]{section.6}{\376\377\0006\000\040\000P\000o\000d\000r\001\031\000c\000z\000n\000i\000k\000\040\000u\001\174\000y\000t\000k\000o\000w\000n\000i\000k\000a}{}% 50
\BOOKMARK [2][-]{subsection.6.1}{\376\377\0006\000.\0001\000\040\000M\000e\000n\000u\000\040\000g\001\102\000\363\000w\000n\000e}{section.6}% 51
\BOOKMARK [2][-]{subsection.6.2}{\376\377\0006\000.\0002\000\040\000L\000a\000b\000i\000r\000y\000n\000t}{section.6}% 52
\BOOKMARK [1][]{Item.12}{\376\377\000L\000i\000t\000e\000r\000a\000t\000u\000r\000a}{}% 53
\BOOKMARK [1][]{Item.12}{\376\377\000S\000p\000i\000s\000\040\000r\000y\000s\000u\000n\000k\000\363\000w}{}% 54
\BOOKMARK [1][]{Item.12}{\376\377\000S\000p\000i\000s\000\040\000t\000a\000b\000e\000l}{}% 55
\BOOKMARK [1][]{Item.12}{\376\377\000S\000p\000i\000s\000\040\000l\000i\000s\000t\000i\000n\000g\000\363\000w}{}% 56
